<?xml version="1.0" encoding="UTF-8"?>
<!-- Generated by org.testng.reporters.JUnitReportReporter -->
<testsuite hostname="Gi" name="runners.MainRunner" tests="2" failures="0" timestamp="12 Aug 2017 19:12:16 GMT" time="22.604" errors="0">
  <testcase name="feature" time="9.507" classname="runners.MainRunner"/>
  <testcase name="feature" time="13.097" classname="runners.MainRunner"/>
</testsuite> <!-- runners.MainRunner -->
